c:\users\yubinpex\source\repos\httpserver\httpserver\x64\debug\serverthread.obj
c:\users\yubinpex\source\repos\httpserver\httpserver\x64\debug\httpserver_global.obj
c:\users\yubinpex\source\repos\httpserver\httpserver\x64\debug\httpserver.obj
c:\users\yubinpex\source\repos\httpserver\httpserver\x64\debug\mysocket.obj
c:\users\yubinpex\source\repos\httpserver\httpserver\x64\debug\moc_serverthread.obj
c:\users\yubinpex\source\repos\httpserver\httpserver\x64\debug\moc_mysocket.obj
c:\users\yubinpex\source\repos\httpserver\httpserver\x64\debug\httpserver.pdb
c:\users\yubinpex\source\repos\httpserver\httpserver\x64\debug\vc141.pdb
c:\users\yubinpex\source\repos\httpserver\httpserver\x64\debug\moc_httpserver.obj
c:\users\yubinpex\source\repos\httpserver\httpserver\generatedfiles\debug\moc_serverthread.cpp
c:\users\yubinpex\source\repos\httpserver\httpserver\generatedfiles\debug\moc_mysocket.cpp
c:\users\yubinpex\source\repos\httpserver\x64\debug\httpserver.lib
c:\users\yubinpex\source\repos\httpserver\x64\debug\httpserver.exp
c:\users\yubinpex\source\repos\httpserver\httpserver\generatedfiles\debug\moc_httpserver.cpp
c:\users\yubinpex\source\repos\httpserver\httpserver\.\generatedfiles\debug\moc_mysocket.cpp
c:\users\yubinpex\source\repos\httpserver\httpserver\.\generatedfiles\debug\moc_httpserver.cpp
c:\users\yubinpex\source\repos\httpserver\x64\debug\httpserver.pdb
c:\users\yubinpex\source\repos\httpserver\httpserver\x64\debug\httpserver.tlog\cl.command.1.tlog
c:\users\yubinpex\source\repos\httpserver\httpserver\x64\debug\httpserver.tlog\cl.read.1.tlog
c:\users\yubinpex\source\repos\httpserver\httpserver\x64\debug\httpserver.tlog\cl.write.1.tlog
c:\users\yubinpex\source\repos\httpserver\httpserver\x64\debug\httpserver.tlog\httpserver.write.1u.tlog
c:\users\yubinpex\source\repos\httpserver\httpserver\x64\debug\httpserver.tlog\lib-link.read.1.tlog
c:\users\yubinpex\source\repos\httpserver\httpserver\x64\debug\httpserver.tlog\lib-link.write.1.tlog
c:\users\yubinpex\source\repos\httpserver\httpserver\x64\debug\httpserver.tlog\lib.command.1.tlog
c:\users\yubinpex\source\repos\httpserver\httpserver\x64\debug\httpserver.tlog\link.command.1.tlog
c:\users\yubinpex\source\repos\httpserver\httpserver\x64\debug\httpserver.tlog\link.delete.1.tlog
c:\users\yubinpex\source\repos\httpserver\httpserver\x64\debug\httpserver.tlog\link.read.1.tlog
c:\users\yubinpex\source\repos\httpserver\httpserver\x64\debug\httpserver.tlog\link.write.1.tlog
c:\users\yubinpex\source\repos\httpserver\httpserver\x64\debug\httpserver.tlog\moc.read.1u.tlog
c:\users\yubinpex\source\repos\httpserver\httpserver\x64\debug\httpserver.tlog\moc.write.1u.tlog
