c:\users\yubinpex\source\repos\aicenter_ui_1\aicenter_ui_1\generatedfiles\ui_aicenter_ui_1.h
c:\users\yubinpex\source\repos\aicenter_ui_1\aicenter_ui_1\generatedfiles\ui_ai_assist.h
c:\users\yubinpex\source\repos\aicenter_ui_1\aicenter_ui_1\generatedfiles\ui_device_conf.h
c:\users\yubinpex\source\repos\aicenter_ui_1\aicenter_ui_1\generatedfiles\ui_device_support.h
c:\users\yubinpex\source\repos\aicenter_ui_1\aicenter_ui_1\generatedfiles\ui_image_small.h
c:\users\yubinpex\source\repos\aicenter_ui_1\aicenter_ui_1\generatedfiles\ui_titlebar.h
c:\users\yubinpex\source\repos\aicenter_ui_1\aicenter_ui_1\generatedfiles\qrc_aicenter_ui_1.cpp
c:\users\yubinpex\source\repos\aicenter_ui_1\aicenter_ui_1\generatedfiles\debug\moc_aicenter_ui_1.cpp
c:\users\yubinpex\source\repos\aicenter_ui_1\aicenter_ui_1\generatedfiles\debug\moc_titlebar.cpp
c:\users\yubinpex\source\repos\aicenter_ui_1\aicenter_ui_1\generatedfiles\debug\moc_ai_assist.cpp
c:\users\yubinpex\source\repos\aicenter_ui_1\aicenter_ui_1\generatedfiles\debug\moc_device_support.cpp
c:\users\yubinpex\source\repos\aicenter_ui_1\aicenter_ui_1\generatedfiles\debug\moc_image_small.cpp
c:\users\yubinpex\source\repos\aicenter_ui_1\aicenter_ui_1\generatedfiles\debug\moc_device_conf.cpp
c:\users\yubinpex\source\repos\aicenter_ui_1\aicenter_ui_1\generatedfiles\ui_device_mode.h
c:\users\yubinpex\source\repos\aicenter_ui_1\aicenter_ui_1\generatedfiles\debug\moc_device_mode.cpp
c:\users\yubinpex\source\repos\aicenter_ui_1\aicenter_ui_1\generatedfiles\ui_mode_light.h
c:\users\yubinpex\source\repos\aicenter_ui_1\aicenter_ui_1\generatedfiles\debug\moc_mode_light.cpp
c:\users\yubinpex\source\repos\aicenter_ui_1\aicenter_ui_1\generatedfiles\ui_mode_drop.h
c:\users\yubinpex\source\repos\aicenter_ui_1\aicenter_ui_1\generatedfiles\debug\moc_mode_drop.cpp
c:\users\yubinpex\source\repos\aicenter_ui_1\aicenter_ui_1\generatedfiles\ui_mode_hotkey.h
c:\users\yubinpex\source\repos\aicenter_ui_1\aicenter_ui_1\generatedfiles\debug\moc_mode_hotkey.cpp
c:\users\yubinpex\source\repos\aicenter_ui_1\aicenter_ui_1\x64\debug\moc_image_small.obj
c:\users\yubinpex\source\repos\aicenter_ui_1\aicenter_ui_1\x64\debug\qrc_aicenter_ui_1.obj
c:\users\yubinpex\source\repos\aicenter_ui_1\aicenter_ui_1\x64\debug\aicenter_ui_1.obj
c:\users\yubinpex\source\repos\aicenter_ui_1\aicenter_ui_1\x64\debug\main.obj
c:\users\yubinpex\source\repos\aicenter_ui_1\aicenter_ui_1\x64\debug\moc_aicenter_ui_1.obj
c:\users\yubinpex\source\repos\aicenter_ui_1\aicenter_ui_1\x64\debug\image_small.obj
c:\users\yubinpex\source\repos\aicenter_ui_1\aicenter_ui_1\x64\debug\moc_ai_assist.obj
c:\users\yubinpex\source\repos\aicenter_ui_1\aicenter_ui_1\x64\debug\ai_assist.obj
c:\users\yubinpex\source\repos\aicenter_ui_1\aicenter_ui_1\x64\debug\device_support.obj
c:\users\yubinpex\source\repos\aicenter_ui_1\aicenter_ui_1\x64\debug\moc_titlebar.obj
c:\users\yubinpex\source\repos\aicenter_ui_1\aicenter_ui_1\x64\debug\titlebar.obj
c:\users\yubinpex\source\repos\aicenter_ui_1\aicenter_ui_1\x64\debug\moc_device_conf.obj
c:\users\yubinpex\source\repos\aicenter_ui_1\aicenter_ui_1\x64\debug\tinyxml2.obj
c:\users\yubinpex\source\repos\aicenter_ui_1\aicenter_ui_1\x64\debug\device_conf.obj
c:\users\yubinpex\source\repos\aicenter_ui_1\aicenter_ui_1\x64\debug\util.obj
c:\users\yubinpex\source\repos\aicenter_ui_1\aicenter_ui_1\x64\debug\moc_device_support.obj
c:\users\yubinpex\source\repos\aicenter_ui_1\aicenter_ui_1\x64\debug\vc141.pdb
c:\users\yubinpex\source\repos\aicenter_ui_1\aicenter_ui_1\x64\debug\device_mode.obj
c:\users\yubinpex\source\repos\aicenter_ui_1\aicenter_ui_1\x64\debug\moc_device_mode.obj
c:\users\yubinpex\source\repos\aicenter_ui_1\aicenter_ui_1\x64\debug\mode_light.obj
c:\users\yubinpex\source\repos\aicenter_ui_1\aicenter_ui_1\x64\debug\moc_mode_light.obj
c:\users\yubinpex\source\repos\aicenter_ui_1\aicenter_ui_1\x64\debug\moc_mode_drop.obj
c:\users\yubinpex\source\repos\aicenter_ui_1\aicenter_ui_1\x64\debug\mode_drop.obj
c:\users\yubinpex\source\repos\aicenter_ui_1\aicenter_ui_1\x64\debug\mode_hotkey.obj
c:\users\yubinpex\source\repos\aicenter_ui_1\aicenter_ui_1\x64\debug\moc_mode_hotkey.obj
c:\users\yubinpex\source\repos\aicenter_ui_1\x64\debug\aicenter_ui_1.exe
c:\users\yubinpex\source\repos\aicenter_ui_1\x64\debug\aicenter_ui_1.ilk
c:\users\yubinpex\source\repos\aicenter_ui_1\x64\debug\aicenter_ui_1.pdb
c:\users\yubinpex\source\repos\aicenter_ui_1\aicenter_ui_1\.\generatedfiles\debug\moc_aicenter_ui_1.cpp
c:\users\yubinpex\source\repos\aicenter_ui_1\aicenter_ui_1\.\generatedfiles\debug\moc_titlebar.cpp
c:\users\yubinpex\source\repos\aicenter_ui_1\aicenter_ui_1\.\generatedfiles\debug\moc_ai_assist.cpp
c:\users\yubinpex\source\repos\aicenter_ui_1\aicenter_ui_1\.\generatedfiles\debug\moc_device_support.cpp
c:\users\yubinpex\source\repos\aicenter_ui_1\aicenter_ui_1\.\generatedfiles\debug\moc_image_small.cpp
c:\users\yubinpex\source\repos\aicenter_ui_1\aicenter_ui_1\.\generatedfiles\debug\moc_device_conf.cpp
c:\users\yubinpex\source\repos\aicenter_ui_1\aicenter_ui_1\.\generatedfiles\debug\moc_device_mode.cpp
c:\users\yubinpex\source\repos\aicenter_ui_1\aicenter_ui_1\.\generatedfiles\debug\moc_mode_drop.cpp
c:\users\yubinpex\source\repos\aicenter_ui_1\aicenter_ui_1\.\generatedfiles\debug\moc_mode_hotkey.cpp
c:\users\yubinpex\source\repos\aicenter_ui_1\aicenter_ui_1\.\generatedfiles\qrc_aicenter_ui_1.cpp
c:\users\yubinpex\source\repos\aicenter_ui_1\aicenter_ui_1\.\generatedfiles\ui_aicenter_ui_1.h
c:\users\yubinpex\source\repos\aicenter_ui_1\aicenter_ui_1\.\generatedfiles\ui_ai_assist.h
c:\users\yubinpex\source\repos\aicenter_ui_1\aicenter_ui_1\.\generatedfiles\ui_device_conf.h
c:\users\yubinpex\source\repos\aicenter_ui_1\aicenter_ui_1\.\generatedfiles\ui_device_mode.h
c:\users\yubinpex\source\repos\aicenter_ui_1\aicenter_ui_1\.\generatedfiles\ui_device_support.h
c:\users\yubinpex\source\repos\aicenter_ui_1\aicenter_ui_1\.\generatedfiles\ui_image_small.h
c:\users\yubinpex\source\repos\aicenter_ui_1\aicenter_ui_1\.\generatedfiles\ui_mode_drop.h
c:\users\yubinpex\source\repos\aicenter_ui_1\aicenter_ui_1\.\generatedfiles\ui_mode_hotkey.h
c:\users\yubinpex\source\repos\aicenter_ui_1\aicenter_ui_1\.\generatedfiles\ui_titlebar.h
c:\users\yubinpex\source\repos\aicenter_ui_1\aicenter_ui_1\x64\debug\aicenter_ui_1.tlog\aicenter_ui_1.write.1u.tlog
c:\users\yubinpex\source\repos\aicenter_ui_1\aicenter_ui_1\x64\debug\aicenter_ui_1.tlog\cl.command.1.tlog
c:\users\yubinpex\source\repos\aicenter_ui_1\aicenter_ui_1\x64\debug\aicenter_ui_1.tlog\cl.read.1.tlog
c:\users\yubinpex\source\repos\aicenter_ui_1\aicenter_ui_1\x64\debug\aicenter_ui_1.tlog\cl.write.1.tlog
c:\users\yubinpex\source\repos\aicenter_ui_1\aicenter_ui_1\x64\debug\aicenter_ui_1.tlog\link.command.1.tlog
c:\users\yubinpex\source\repos\aicenter_ui_1\aicenter_ui_1\x64\debug\aicenter_ui_1.tlog\link.read.1.tlog
c:\users\yubinpex\source\repos\aicenter_ui_1\aicenter_ui_1\x64\debug\aicenter_ui_1.tlog\link.write.1.tlog
c:\users\yubinpex\source\repos\aicenter_ui_1\aicenter_ui_1\x64\debug\aicenter_ui_1.tlog\moc.read.1u.tlog
c:\users\yubinpex\source\repos\aicenter_ui_1\aicenter_ui_1\x64\debug\aicenter_ui_1.tlog\moc.write.1u.tlog
c:\users\yubinpex\source\repos\aicenter_ui_1\aicenter_ui_1\x64\debug\aicenter_ui_1.tlog\rcc.read.1u.tlog
c:\users\yubinpex\source\repos\aicenter_ui_1\aicenter_ui_1\x64\debug\aicenter_ui_1.tlog\rcc.write.1u.tlog
c:\users\yubinpex\source\repos\aicenter_ui_1\aicenter_ui_1\x64\debug\aicenter_ui_1.tlog\uic.read.1u.tlog
c:\users\yubinpex\source\repos\aicenter_ui_1\aicenter_ui_1\x64\debug\aicenter_ui_1.tlog\uic.write.1u.tlog
