c:\users\yubinpex\source\repos\screenshot\screenshot\x64\debug\qrc_screenshot.obj
c:\users\yubinpex\source\repos\screenshot\screenshot\x64\debug\moc_screenshot.obj
c:\users\yubinpex\source\repos\screenshot\screenshot\x64\debug\screenshot.obj
c:\users\yubinpex\source\repos\screenshot\screenshot\x64\debug\main.obj
c:\users\yubinpex\source\repos\screenshot\screenshot\x64\debug\vc141.pdb
c:\users\yubinpex\source\repos\screenshot\screenshot\.\generatedfiles\debug\moc_screenshot.cpp
c:\users\yubinpex\source\repos\screenshot\screenshot\.\generatedfiles\qrc_screenshot.cpp
c:\users\yubinpex\source\repos\screenshot\screenshot\generatedfiles\ui_screenshot.h
c:\users\yubinpex\source\repos\screenshot\screenshot\generatedfiles\qrc_screenshot.cpp
c:\users\yubinpex\source\repos\screenshot\screenshot\generatedfiles\debug\moc_screenshot.cpp
c:\users\yubinpex\source\repos\screenshot\screenshot\.\generatedfiles\ui_screenshot.h
c:\users\yubinpex\source\repos\screenshot\x64\debug\screenshot.pdb
c:\users\yubinpex\source\repos\screenshot\screenshot\x64\debug\screenshot.tlog\cl.command.1.tlog
c:\users\yubinpex\source\repos\screenshot\screenshot\x64\debug\screenshot.tlog\cl.read.1.tlog
c:\users\yubinpex\source\repos\screenshot\screenshot\x64\debug\screenshot.tlog\cl.write.1.tlog
c:\users\yubinpex\source\repos\screenshot\screenshot\x64\debug\screenshot.tlog\link-cvtres.read.1.tlog
c:\users\yubinpex\source\repos\screenshot\screenshot\x64\debug\screenshot.tlog\link-cvtres.write.1.tlog
c:\users\yubinpex\source\repos\screenshot\screenshot\x64\debug\screenshot.tlog\link-rc.read.1.tlog
c:\users\yubinpex\source\repos\screenshot\screenshot\x64\debug\screenshot.tlog\link-rc.write.1.tlog
c:\users\yubinpex\source\repos\screenshot\screenshot\x64\debug\screenshot.tlog\link.19032-cvtres.read.1.tlog
c:\users\yubinpex\source\repos\screenshot\screenshot\x64\debug\screenshot.tlog\link.19032-cvtres.write.1.tlog
c:\users\yubinpex\source\repos\screenshot\screenshot\x64\debug\screenshot.tlog\link.19032-rc.read.1.tlog
c:\users\yubinpex\source\repos\screenshot\screenshot\x64\debug\screenshot.tlog\link.19032-rc.write.1.tlog
c:\users\yubinpex\source\repos\screenshot\screenshot\x64\debug\screenshot.tlog\link.19032.read.1.tlog
c:\users\yubinpex\source\repos\screenshot\screenshot\x64\debug\screenshot.tlog\link.19032.write.1.tlog
c:\users\yubinpex\source\repos\screenshot\screenshot\x64\debug\screenshot.tlog\link.command.1.tlog
c:\users\yubinpex\source\repos\screenshot\screenshot\x64\debug\screenshot.tlog\link.read.1.tlog
c:\users\yubinpex\source\repos\screenshot\screenshot\x64\debug\screenshot.tlog\link.write.1.tlog
c:\users\yubinpex\source\repos\screenshot\screenshot\x64\debug\screenshot.tlog\moc.read.1u.tlog
c:\users\yubinpex\source\repos\screenshot\screenshot\x64\debug\screenshot.tlog\moc.write.1u.tlog
c:\users\yubinpex\source\repos\screenshot\screenshot\x64\debug\screenshot.tlog\rcc.read.1u.tlog
c:\users\yubinpex\source\repos\screenshot\screenshot\x64\debug\screenshot.tlog\rcc.write.1u.tlog
c:\users\yubinpex\source\repos\screenshot\screenshot\x64\debug\screenshot.tlog\screenshot.write.1u.tlog
c:\users\yubinpex\source\repos\screenshot\screenshot\x64\debug\screenshot.tlog\uic.read.1u.tlog
c:\users\yubinpex\source\repos\screenshot\screenshot\x64\debug\screenshot.tlog\uic.write.1u.tlog
