  Rcc'ing ScreenShot.qrc...
  Moc'ing ScreenShot.h...
   RCC: Warning: No resources in 'C:\Qt\QtExample\ScreenShot\ScreenShot\ScreenShot.qrc'.
  Moc'ing MyGlobalShortCut\MyGlobalShortCut.h...
  Moc'ing Frame.h...
  Moc'ing AddLabel.h...
  AddLabel.cpp
  Frame.cpp
  main.cpp
  MyGlobalShortCut.cpp
c:\qt\qtexample\screenshot\screenshot\myglobalshortcut\myglobalshortcut.h : warning C4819: 该文件包含不能在当前代码页(936)中表示的字符。请将该文件保存为 Unicode 格式以防止数据丢失 (编译源文件 MyGlobalShortCut\MyGlobalShortCut.cpp)
c:\qt\qtexample\screenshot\screenshot\myglobalshortcut\myglobalshortcut.h : warning C4819: 该文件包含不能在当前代码页(936)中表示的字符。请将该文件保存为 Unicode 格式以防止数据丢失 (编译源文件 main.cpp)
  MyWinEventFilter.cpp
  ScreenShot.cpp
  qrc_ScreenShot.cpp
  moc_ScreenShot.cpp
c:\qt\qtexample\screenshot\screenshot\myglobalshortcut\myglobalshortcut.h : warning C4819: 该文件包含不能在当前代码页(936)中表示的字符。请将该文件保存为 Unicode 格式以防止数据丢失 (编译源文件 MyGlobalShortCut\MyWinEventFilter.cpp)
  moc_MyGlobalShortCut.cpp
c:\qt\qtexample\screenshot\screenshot\myglobalshortcut\myglobalshortcut.h : warning C4819: 该文件包含不能在当前代码页(936)中表示的字符。请将该文件保存为 Unicode 格式以防止数据丢失 (编译源文件 GeneratedFiles\Debug\moc_MyGlobalShortCut.cpp)
c:\qt\qtexample\screenshot\screenshot\myglobalshortcut\myglobalshortcut.h : warning C4819: 该文件包含不能在当前代码页(936)中表示的字符。请将该文件保存为 Unicode 格式以防止数据丢失 (编译源文件 ScreenShot.cpp)
c:\qt\qtexample\screenshot\screenshot\myglobalshortcut\myglobalshortcut.h : warning C4819: 该文件包含不能在当前代码页(936)中表示的字符。请将该文件保存为 Unicode 格式以防止数据丢失 (编译源文件 GeneratedFiles\Debug\moc_ScreenShot.cpp)
  moc_Frame.cpp
  moc_AddLabel.cpp
  ScreenShot.vcxproj -> C:\Qt\QtExample\ScreenShot\x64\Debug\ScreenShot.exe
