c:\users\yubinpex\source\repos\aicenter_pc\aicenter_pc\generatedfiles\ui_aicenter_pc.h
c:\users\yubinpex\source\repos\aicenter_pc\aicenter_pc\generatedfiles\ui_titlebar.h
c:\users\yubinpex\source\repos\aicenter_pc\aicenter_pc\generatedfiles\qrc_aicenter_pc.cpp
c:\users\yubinpex\source\repos\aicenter_pc\aicenter_pc\generatedfiles\debug\moc_aicenter_pc.cpp
c:\users\yubinpex\source\repos\aicenter_pc\aicenter_pc\generatedfiles\debug\moc_titlebar.cpp
c:\users\yubinpex\source\repos\aicenter_pc\aicenter_pc\generatedfiles\ui_gamelist.h
c:\users\yubinpex\source\repos\aicenter_pc\aicenter_pc\generatedfiles\ui_myspeed.h
c:\users\yubinpex\source\repos\aicenter_pc\aicenter_pc\generatedfiles\debug\moc_myspeed.cpp
c:\users\yubinpex\source\repos\aicenter_pc\aicenter_pc\generatedfiles\debug\moc_gamelist.cpp
c:\users\yubinpex\source\repos\aicenter_pc\aicenter_pc\generatedfiles\ui_image_small.h
c:\users\yubinpex\source\repos\aicenter_pc\aicenter_pc\generatedfiles\debug\moc_image_small.cpp
c:\users\yubinpex\source\repos\aicenter_pc\aicenter_pc\generatedfiles\ui_image_big.h
c:\users\yubinpex\source\repos\aicenter_pc\aicenter_pc\generatedfiles\debug\moc_image_big.cpp
c:\users\yubinpex\source\repos\aicenter_pc\aicenter_pc\generatedfiles\ui_setdialog.h
c:\users\yubinpex\source\repos\aicenter_pc\aicenter_pc\generatedfiles\debug\moc_setdialog.cpp
c:\users\yubinpex\source\repos\aicenter_pc\aicenter_pc\generatedfiles\ui_device_choose.h
c:\users\yubinpex\source\repos\aicenter_pc\aicenter_pc\generatedfiles\debug\moc_device_choose.cpp
g:\上课\qt项目\aicenter_pc_ui\aicenter_pc\generatedfiles\ui_aicenter_pc.h
g:\上课\qt项目\aicenter_pc_ui\aicenter_pc\generatedfiles\ui_device_choose.h
g:\上课\qt项目\aicenter_pc_ui\aicenter_pc\generatedfiles\ui_gamelist.h
g:\上课\qt项目\aicenter_pc_ui\aicenter_pc\generatedfiles\ui_image_big.h
g:\上课\qt项目\aicenter_pc_ui\aicenter_pc\generatedfiles\ui_setdialog.h
g:\上课\qt项目\aicenter_pc_ui\aicenter_pc\generatedfiles\ui_titlebar.h
g:\上课\qt项目\aicenter_pc_ui\aicenter_pc\generatedfiles\qrc_aicenter_pc.cpp
g:\上课\qt项目\aicenter_pc_ui\aicenter_pc\generatedfiles\debug\moc_aicenter_pc.cpp
g:\上课\qt项目\aicenter_pc_ui\aicenter_pc\generatedfiles\debug\moc_titlebar.cpp
g:\上课\qt项目\aicenter_pc_ui\aicenter_pc\generatedfiles\debug\moc_device_choose.cpp
g:\上课\qt项目\aicenter_pc_ui\aicenter_pc\generatedfiles\debug\moc_setdialog.cpp
g:\上课\qt项目\aicenter_pc_ui\aicenter_pc\generatedfiles\debug\moc_image_big.cpp
g:\上课\qt项目\aicenter_pc_ui\aicenter_pc\generatedfiles\debug\moc_myspeed.cpp
g:\上课\qt项目\aicenter_pc_ui\aicenter_pc\generatedfiles\debug\moc_gamelist.cpp
g:\上课\qt项目\aicenter_pc_ui\aicenter_pc\generatedfiles\ui_image_small.h
g:\上课\qt项目\aicenter_pc_ui\aicenter_pc\generatedfiles\ui_myspeed.h
g:\上课\qt项目\aicenter_pc_ui\aicenter_pc\generatedfiles\debug\moc_image_small.cpp
c:\qt\qtexample\aicenter_pc_ui\aicenter_pc\generatedfiles\ui_aicenter_pc.h
c:\qt\qtexample\aicenter_pc_ui\aicenter_pc\generatedfiles\ui_device_choose.h
c:\qt\qtexample\aicenter_pc_ui\aicenter_pc\generatedfiles\ui_gamelist.h
c:\qt\qtexample\aicenter_pc_ui\aicenter_pc\generatedfiles\ui_image_big.h
c:\qt\qtexample\aicenter_pc_ui\aicenter_pc\generatedfiles\ui_image_small.h
c:\qt\qtexample\aicenter_pc_ui\aicenter_pc\generatedfiles\ui_myspeed.h
c:\qt\qtexample\aicenter_pc_ui\aicenter_pc\generatedfiles\ui_setdialog.h
c:\qt\qtexample\aicenter_pc_ui\aicenter_pc\generatedfiles\ui_titlebar.h
c:\qt\qtexample\aicenter_pc_ui\aicenter_pc\generatedfiles\debug\moc_aicenter_pc.cpp
c:\qt\qtexample\aicenter_pc_ui\aicenter_pc\generatedfiles\debug\moc_titlebar.cpp
c:\qt\qtexample\aicenter_pc_ui\aicenter_pc\generatedfiles\debug\moc_device_choose.cpp
c:\qt\qtexample\aicenter_pc_ui\aicenter_pc\generatedfiles\debug\moc_setdialog.cpp
c:\qt\qtexample\aicenter_pc_ui\aicenter_pc\generatedfiles\debug\moc_image_big.cpp
c:\qt\qtexample\aicenter_pc_ui\aicenter_pc\generatedfiles\debug\moc_image_small.cpp
c:\qt\qtexample\aicenter_pc_ui\aicenter_pc\generatedfiles\debug\moc_myspeed.cpp
c:\qt\qtexample\aicenter_pc_ui\aicenter_pc\generatedfiles\debug\moc_gamelist.cpp
g:\上课\qt项目\aicenter_pc_ui\aicenter_pc\x64\debug\gamelist.obj
g:\上课\qt项目\aicenter_pc_ui\aicenter_pc\x64\debug\image_big.obj
g:\上课\qt项目\aicenter_pc_ui\aicenter_pc\x64\debug\titlebar.obj
g:\上课\qt项目\aicenter_pc_ui\aicenter_pc\x64\debug\moc_image_big.obj
g:\上课\qt项目\aicenter_pc_ui\aicenter_pc\x64\debug\formset.obj
g:\上课\qt项目\aicenter_pc_ui\aicenter_pc\x64\debug\myspeed.obj
g:\上课\qt项目\aicenter_pc_ui\aicenter_pc\x64\debug\qrc_aicenter_pc.obj
g:\上课\qt项目\aicenter_pc_ui\aicenter_pc\x64\debug\moc_titlebar.obj
g:\上课\qt项目\aicenter_pc_ui\aicenter_pc\x64\debug\moc_myspeed.obj
g:\上课\qt项目\aicenter_pc_ui\aicenter_pc\x64\debug\device_choose.obj
g:\上课\qt项目\aicenter_pc_ui\aicenter_pc\x64\debug\main.obj
g:\上课\qt项目\aicenter_pc_ui\aicenter_pc\x64\debug\moc_aicenter_pc.obj
g:\上课\qt项目\aicenter_pc_ui\aicenter_pc\x64\debug\moc_setdialog.obj
g:\上课\qt项目\aicenter_pc_ui\aicenter_pc\x64\debug\moc_image_small.obj
g:\上课\qt项目\aicenter_pc_ui\aicenter_pc\x64\debug\aicenter_pc.obj
g:\上课\qt项目\aicenter_pc_ui\aicenter_pc\x64\debug\image_small.obj
g:\上课\qt项目\aicenter_pc_ui\aicenter_pc\x64\debug\setdialog.obj
g:\上课\qt项目\aicenter_pc_ui\aicenter_pc\x64\debug\moc_device_choose.obj
g:\上课\qt项目\aicenter_pc_ui\aicenter_pc\x64\debug\moc_gamelist.obj
g:\上课\qt项目\aicenter_pc_ui\aicenter_pc\x64\debug\vc141.pdb
c:\users\yubinpex\source\repos\aicenter_pc\x64\debug\aicenter_pc.exe
c:\users\yubinpex\source\repos\aicenter_pc\x64\debug\aicenter_pc.ilk
c:\users\yubinpex\source\repos\aicenter_pc\x64\debug\aicenter_pc.pdb
g:\上课\qt项目\aicenter_pc_ui\x64\debug\aicenter_pc.exe
g:\上课\qt项目\aicenter_pc_ui\x64\debug\aicenter_pc.ilk
g:\上课\qt项目\aicenter_pc_ui\x64\debug\aicenter_pc.pdb
c:\qt\qtexample\aicenter_pc_ui\aicenter_pc\.\generatedfiles\debug\moc_aicenter_pc.cpp
c:\qt\qtexample\aicenter_pc_ui\aicenter_pc\.\generatedfiles\debug\moc_titlebar.cpp
c:\qt\qtexample\aicenter_pc_ui\aicenter_pc\.\generatedfiles\debug\moc_device_choose.cpp
c:\qt\qtexample\aicenter_pc_ui\aicenter_pc\.\generatedfiles\debug\moc_setdialog.cpp
c:\qt\qtexample\aicenter_pc_ui\aicenter_pc\.\generatedfiles\debug\moc_image_big.cpp
c:\qt\qtexample\aicenter_pc_ui\aicenter_pc\.\generatedfiles\debug\moc_image_small.cpp
c:\qt\qtexample\aicenter_pc_ui\aicenter_pc\.\generatedfiles\debug\moc_myspeed.cpp
c:\qt\qtexample\aicenter_pc_ui\aicenter_pc\.\generatedfiles\debug\moc_gamelist.cpp
g:\上课\qt项目\aicenter_pc_ui\aicenter_pc\.\generatedfiles\qrc_aicenter_pc.cpp
c:\qt\qtexample\aicenter_pc_ui\aicenter_pc\.\generatedfiles\ui_aicenter_pc.h
c:\qt\qtexample\aicenter_pc_ui\aicenter_pc\.\generatedfiles\ui_device_choose.h
c:\qt\qtexample\aicenter_pc_ui\aicenter_pc\.\generatedfiles\ui_gamelist.h
c:\qt\qtexample\aicenter_pc_ui\aicenter_pc\.\generatedfiles\ui_image_big.h
c:\qt\qtexample\aicenter_pc_ui\aicenter_pc\.\generatedfiles\ui_image_small.h
c:\qt\qtexample\aicenter_pc_ui\aicenter_pc\.\generatedfiles\ui_myspeed.h
c:\qt\qtexample\aicenter_pc_ui\aicenter_pc\.\generatedfiles\ui_setdialog.h
c:\qt\qtexample\aicenter_pc_ui\aicenter_pc\.\generatedfiles\ui_titlebar.h
c:\qt\qtexample\aicenter_pc_ui\aicenter_pc\x64\debug\aicenter_pc.obj
c:\qt\qtexample\aicenter_pc_ui\aicenter_pc\x64\debug\device_choose.obj
c:\qt\qtexample\aicenter_pc_ui\aicenter_pc\x64\debug\formset.obj
c:\qt\qtexample\aicenter_pc_ui\aicenter_pc\x64\debug\gamelist.obj
c:\qt\qtexample\aicenter_pc_ui\aicenter_pc\x64\debug\image_big.obj
c:\qt\qtexample\aicenter_pc_ui\aicenter_pc\x64\debug\image_small.obj
c:\qt\qtexample\aicenter_pc_ui\aicenter_pc\x64\debug\main.obj
c:\qt\qtexample\aicenter_pc_ui\aicenter_pc\x64\debug\moc_aicenter_pc.obj
c:\qt\qtexample\aicenter_pc_ui\aicenter_pc\x64\debug\moc_device_choose.obj
c:\qt\qtexample\aicenter_pc_ui\aicenter_pc\x64\debug\moc_gamelist.obj
c:\qt\qtexample\aicenter_pc_ui\aicenter_pc\x64\debug\moc_image_big.obj
c:\qt\qtexample\aicenter_pc_ui\aicenter_pc\x64\debug\moc_image_small.obj
c:\qt\qtexample\aicenter_pc_ui\aicenter_pc\x64\debug\moc_myspeed.obj
c:\qt\qtexample\aicenter_pc_ui\aicenter_pc\x64\debug\moc_setdialog.obj
c:\qt\qtexample\aicenter_pc_ui\aicenter_pc\x64\debug\moc_titlebar.obj
c:\qt\qtexample\aicenter_pc_ui\aicenter_pc\x64\debug\myspeed.obj
c:\qt\qtexample\aicenter_pc_ui\aicenter_pc\x64\debug\qrc_aicenter_pc.obj
c:\qt\qtexample\aicenter_pc_ui\aicenter_pc\x64\debug\setdialog.obj
c:\qt\qtexample\aicenter_pc_ui\aicenter_pc\x64\debug\titlebar.obj
c:\qt\qtexample\aicenter_pc_ui\aicenter_pc\x64\debug\vc141.pdb
c:\qt\qtexample\aicenter_pc_ui\x64\debug\aicenter_pc.pdb
c:\qt\qtexample\aicenter_pc_ui\x64\debug\aicenter_pc.exe
c:\qt\qtexample\aicenter_pc_ui\x64\debug\aicenter_pc.ilk
c:\qt\qtexample\aicenter_pc_ui\aicenter_pc\x64\debug\aicenter_pc.tlog\aicenter_pc.write.1u.tlog
c:\qt\qtexample\aicenter_pc_ui\aicenter_pc\x64\debug\aicenter_pc.tlog\cl.command.1.tlog
c:\qt\qtexample\aicenter_pc_ui\aicenter_pc\x64\debug\aicenter_pc.tlog\cl.read.1.tlog
c:\qt\qtexample\aicenter_pc_ui\aicenter_pc\x64\debug\aicenter_pc.tlog\cl.write.1.tlog
c:\qt\qtexample\aicenter_pc_ui\aicenter_pc\x64\debug\aicenter_pc.tlog\link.command.1.tlog
c:\qt\qtexample\aicenter_pc_ui\aicenter_pc\x64\debug\aicenter_pc.tlog\link.read.1.tlog
c:\qt\qtexample\aicenter_pc_ui\aicenter_pc\x64\debug\aicenter_pc.tlog\link.write.1.tlog
c:\qt\qtexample\aicenter_pc_ui\aicenter_pc\x64\debug\aicenter_pc.tlog\moc.read.1u.tlog
c:\qt\qtexample\aicenter_pc_ui\aicenter_pc\x64\debug\aicenter_pc.tlog\moc.write.1u.tlog
c:\qt\qtexample\aicenter_pc_ui\aicenter_pc\x64\debug\aicenter_pc.tlog\rcc.read.1u.tlog
c:\qt\qtexample\aicenter_pc_ui\aicenter_pc\x64\debug\aicenter_pc.tlog\rcc.write.1u.tlog
c:\qt\qtexample\aicenter_pc_ui\aicenter_pc\x64\debug\aicenter_pc.tlog\uic.read.1u.tlog
c:\qt\qtexample\aicenter_pc_ui\aicenter_pc\x64\debug\aicenter_pc.tlog\uic.write.1u.tlog
